<?xml version="1.0" encoding="UTF-8"?>
<!-- Generated by org.testng.reporters.JUnitReportReporter -->
<testsuite hostname="DESKTOP-O365DJT" failures="0" tests="1" name="Day_024_Advanced_Xpaths.TC001_Absolute_Xpath" time="19.601" errors="0" timestamp="2019-12-18T08:19:55 IST" skipped="0">
  <testcase classname="Day_024_Advanced_Xpaths.TC001_Absolute_Xpath" name="Test1" time="19.601"/>
</testsuite> <!-- Day_024_Advanced_Xpaths.TC001_Absolute_Xpath -->
