<?xml version="1.0" encoding="UTF-8"?>
<!-- Generated by org.testng.reporters.JUnitReportReporter -->
<testsuite hostname="DESKTOP-O365DJT" failures="0" tests="1" name="Day_024_Advanced_Xpaths.TC010_Following_Siblings" time="19.125" errors="0" timestamp="2019-12-18T08:40:23 IST" skipped="0">
  <testcase classname="Day_024_Advanced_Xpaths.TC010_Following_Siblings" name="Test1" time="19.125"/>
</testsuite> <!-- Day_024_Advanced_Xpaths.TC010_Following_Siblings -->
