<?xml version="1.0" encoding="UTF-8"?>
<!-- Generated by org.testng.reporters.JUnitReportReporter -->
<testsuite hostname="DESKTOP-O365DJT" failures="0" tests="1" name="Day_012_TestNG_Paraneters.TC02_Login_Static_Paarameters1" time="32.080" errors="0" timestamp="2020-01-03T10:03:02 IST" skipped="0">
  <testcase classname="Day_012_TestNG_Paraneters.TC02_Login_Static_Paarameters1" name="Login_Test" time="32.080"/>
</testsuite> <!-- Day_012_TestNG_Paraneters.TC02_Login_Static_Paarameters1 -->
