<?xml version="1.0" encoding="UTF-8"?>
<!-- Generated by org.testng.reporters.JUnitReportReporter -->
<testsuite hostname="DESKTOP-O365DJT" failures="0" tests="1" name="Day_37_BrokenLinks.BrokenLinks" time="24.503" errors="0" timestamp="2019-12-17T08:48:27 IST" skipped="0">
  <testcase classname="Day_37_BrokenLinks.BrokenLinks" name="Open_OrangeHRM" time="24.503"/>
</testsuite> <!-- Day_37_BrokenLinks.BrokenLinks -->
