<?xml version="1.0" encoding="UTF-8"?>
<!-- Generated by org.testng.reporters.JUnitReportReporter -->
<testsuite hostname="DESKTOP-O365DJT" failures="0" tests="1" name="Gojek.TC01_Add_Card_details_2" time="19.646" errors="0" timestamp="2020-01-02T23:23:58 IST" skipped="0">
  <testcase classname="Gojek.TC01_Add_Card_details_2" name="Transcation" time="19.646"/>
</testsuite> <!-- Gojek.TC01_Add_Card_details_2 -->
