<?xml version="1.0" encoding="UTF-8"?>
<!-- Generated by org.testng.reporters.JUnitReportReporter -->
<testsuite hostname="DESKTOP-O365DJT" failures="0" tests="1" name="Demo1_23.TC01_Skills_Static" time="20.604" errors="0" timestamp="2019-11-26T22:32:34 IST" skipped="0">
  <testcase classname="Demo1_23.TC01_Skills_Static" name="Login_Test" time="20.604"/>
</testsuite> <!-- Demo1_23.TC01_Skills_Static -->
