<?xml version="1.0" encoding="UTF-8"?>
<!-- Generated by org.testng.reporters.JUnitReportReporter -->
<testsuite hostname="DESKTOP-O365DJT" failures="0" tests="2" name="Day_032_TestNG_Groups.AllTests" time="32.889" errors="0" timestamp="2019-12-17T08:33:43 IST" skipped="0">
  <testcase classname="Day_032_TestNG_Groups.AllTests" name="OrangeHRM" time="14.741"/>
  <testcase classname="Day_032_TestNG_Groups.AllTests" name="Mercury" time="18.148"/>
</testsuite> <!-- Day_032_TestNG_Groups.AllTests -->
