<?xml version="1.0" encoding="UTF-8"?>
<!-- Generated by org.testng.reporters.JUnitReportReporter -->
<testsuite hostname="DESKTOP-O365DJT" failures="0" tests="1" name="Day_029_PageObjectModel.TC01_Add_Nationalities" time="13.818" errors="0" timestamp="2020-01-01T14:04:33 IST" skipped="0">
  <testcase classname="Day_029_PageObjectModel.TC01_Add_Nationalities" name="Book_OneWay_Flight" time="13.818"/>
</testsuite> <!-- Day_029_PageObjectModel.TC01_Add_Nationalities -->
