<?xml version="1.0" encoding="UTF-8"?>
<!-- Generated by org.testng.reporters.JUnitReportReporter -->
<testsuite hostname="Saryu-PC" failures="0" tests="1" name="Day_002_Java.TC08_WebElement_isSelected" time="11.826" errors="0" timestamp="2019-11-14T21:51:41 IST" skipped="0">
  <testcase classname="Day_002_Java.TC08_WebElement_isSelected" name="login_test" time="11.826"/>
</testsuite> <!-- Day_002_Java.TC08_WebElement_isSelected -->
