<?xml version="1.0" encoding="UTF-8"?>
<!-- Generated by org.testng.reporters.JUnitReportReporter -->
<testsuite hostname="DESKTOP-O365DJT" failures="0" tests="1" name="Day_39_Date_Time_Picker.Date_Picker" time="26.954" errors="0" timestamp="2019-12-17T09:03:37 IST" skipped="0">
  <testcase classname="Day_39_Date_Time_Picker.Date_Picker" name="Test2" time="26.954"/>
</testsuite> <!-- Day_39_Date_Time_Picker.Date_Picker -->
