<?xml version="1.0" encoding="UTF-8"?>
<!-- Generated by org.testng.reporters.JUnitReportReporter -->
<testsuite hostname="DESKTOP-O365DJT" failures="0" tests="1" name="Day_022_Action_class.TC04_Drag_And_Drop" time="15.263" errors="0" timestamp="2019-12-11T08:30:24 IST" skipped="0">
  <testcase classname="Day_022_Action_class.TC04_Drag_And_Drop" name="Login_Test" time="15.263"/>
</testsuite> <!-- Day_022_Action_class.TC04_Drag_And_Drop -->
