<?xml version="1.0" encoding="UTF-8"?>
<!-- Generated by org.testng.reporters.JUnitReportReporter -->
<testsuite hostname="DESKTOP-O365DJT" failures="0" tests="1" name="Demo1_23.Class1_23" time="22.702" errors="0" timestamp="2019-11-25T08:27:31 IST" skipped="0">
  <testcase classname="Demo1_23.Class1_23" name="login_test" time="22.702"/>
</testsuite> <!-- Demo1_23.Class1_23 -->
