<?xml version="1.0" encoding="UTF-8"?>
<!-- Generated by org.testng.reporters.JUnitReportReporter -->
<testsuite hostname="DESKTOP-O365DJT" failures="0" tests="1" name="Demo1_23.TC01_Screenshot" time="18.168" errors="0" timestamp="2019-12-04T09:07:11 IST" skipped="0">
  <testcase classname="Demo1_23.TC01_Screenshot" name="TC01_Report_Test" time="18.168"/>
</testsuite> <!-- Demo1_23.TC01_Screenshot -->
