<?xml version="1.0" encoding="UTF-8"?>
<!-- Generated by org.testng.reporters.JUnitReportReporter -->
<testsuite hostname="Saryu-PC" failures="0" tests="1" name="Day_019_Frames.Switch_Frame_By_WebElement" time="18.866" errors="0" timestamp="2019-11-11T21:27:18 IST" skipped="0">
  <testcase classname="Day_019_Frames.Switch_Frame_By_WebElement" name="Login_Test" time="18.866"/>
</testsuite> <!-- Day_019_Frames.Switch_Frame_By_WebElement -->
