<?xml version="1.0" encoding="UTF-8"?>
<!-- Generated by org.testng.reporters.JUnitReportReporter -->
<testsuite hostname="Saryu-PC" failures="0" tests="1" name="Day_022_Action_class.TC02_Double_Click" time="12.197" errors="0" timestamp="2019-11-11T16:50:48 IST" skipped="0">
  <testcase classname="Day_022_Action_class.TC02_Double_Click" name="Login_Test" time="12.197"/>
</testsuite> <!-- Day_022_Action_class.TC02_Double_Click -->
