<?xml version="1.0" encoding="UTF-8"?>
<!-- Generated by org.testng.reporters.JUnitReportReporter -->
<testsuite hostname="DESKTOP-O365DJT" failures="0" tests="1" name="Day_038_Key_Word_Driven1.TC01_Skills" time="31.493" errors="0" timestamp="2019-12-24T08:37:58 IST" skipped="0">
  <testcase classname="Day_038_Key_Word_Driven1.TC01_Skills" name="TC01_Test" time="31.493"/>
</testsuite> <!-- Day_038_Key_Word_Driven1.TC01_Skills -->
