<?xml version="1.0" encoding="UTF-8"?>
<!-- Generated by org.testng.reporters.JUnitReportReporter -->
<testsuite hostname="DESKTOP-O365DJT" failures="0" tests="1" name="Day_015_ParallelTests.MercuryTest" time="16.536" errors="0" timestamp="2019-12-05T08:35:03 IST" skipped="0">
  <testcase classname="Day_015_ParallelTests.MercuryTest" name="Open_Mercury" time="16.536"/>
</testsuite> <!-- Day_015_ParallelTests.MercuryTest -->
