<?xml version="1.0" encoding="UTF-8"?>
<!-- Generated by org.testng.reporters.JUnitReportReporter -->
<testsuite hostname="DESKTOP-O365DJT" failures="0" tests="1" name="Day_001_Demo.TC01_Login1" time="24.450" errors="0" timestamp="2019-11-23T11:19:24 IST" skipped="0">
  <testcase classname="Day_001_Demo.TC01_Login1" name="login_test" time="24.450"/>
</testsuite> <!-- Day_001_Demo.TC01_Login1 -->
