<?xml version="1.0" encoding="UTF-8"?>
<!-- Generated by org.testng.reporters.JUnitReportReporter -->
<testsuite hostname="DESKTOP-O365DJT" failures="0" tests="1" name="Day_038_Key_Word_Driven1.TC01_Locations" time="20.904" errors="0" timestamp="2019-12-24T08:46:35 IST" skipped="0">
  <testcase classname="Day_038_Key_Word_Driven1.TC01_Locations" name="TC01_Test" time="20.904"/>
</testsuite> <!-- Day_038_Key_Word_Driven1.TC01_Locations -->
