<?xml version="1.0" encoding="UTF-8"?>
<!-- Generated by org.testng.reporters.JUnitReportReporter -->
<testsuite hostname="DESKTOP-O365DJT" failures="0" tests="1" name="Demo1_23.TC01_Login_Static" time="23.135" errors="0" timestamp="2019-11-26T08:25:15 IST" skipped="0">
  <testcase classname="Demo1_23.TC01_Login_Static" name="Login_Test" time="23.135"/>
</testsuite> <!-- Demo1_23.TC01_Login_Static -->
