<?xml version="1.0" encoding="UTF-8"?>
<!-- Generated by org.testng.reporters.JUnitReportReporter -->
<testsuite hostname="DESKTOP-O365DJT" failures="0" tests="1" name="Day_008_Emailable_Report.TestExample1" time="5.618" errors="0" timestamp="2019-12-02T09:01:01 IST" skipped="0">
  <testcase classname="Day_008_Emailable_Report.TestExample1" name="Test2" time="5.618"/>
</testsuite> <!-- Day_008_Emailable_Report.TestExample1 -->
