<?xml version="1.0" encoding="UTF-8"?>
<!-- Generated by org.testng.reporters.JUnitReportReporter -->
<testsuite hostname="DESKTOP-O365DJT" failures="0" tests="1" name="Day_021_Java_Script_Executer.TC02_Send_Keys" time="20.769" errors="0" timestamp="2019-12-10T08:56:29 IST" skipped="0">
  <testcase classname="Day_021_Java_Script_Executer.TC02_Send_Keys" name="Login" time="20.769"/>
</testsuite> <!-- Day_021_Java_Script_Executer.TC02_Send_Keys -->
