<?xml version="1.0" encoding="UTF-8"?>
<!-- Generated by org.testng.reporters.JUnitReportReporter -->
<testsuite hostname="DESKTOP-O365DJT" failures="0" tests="1" name="Day_015_ParallelTests.OrangeHRMTest" time="16.669" errors="0" timestamp="2019-12-05T08:35:03 IST" skipped="0">
  <testcase classname="Day_015_ParallelTests.OrangeHRMTest" name="Open_OrangeHRM" time="16.669"/>
</testsuite> <!-- Day_015_ParallelTests.OrangeHRMTest -->
