<?xml version="1.0" encoding="UTF-8"?>
<!-- Generated by org.testng.reporters.JUnitReportReporter -->
<testsuite hostname="DESKTOP-O365DJT" failures="0" tests="1" name="Demo1_23.TC01_login_static_parameters2" time="30.734" errors="0" timestamp="2019-12-10T08:03:39 IST" skipped="0">
  <testcase classname="Demo1_23.TC01_login_static_parameters2" name="Login_Test" time="30.734"/>
</testsuite> <!-- Demo1_23.TC01_login_static_parameters2 -->
