<?xml version="1.0" encoding="UTF-8"?>
<!-- Generated by org.testng.reporters.JUnitReportReporter -->
<testsuite hostname="DESKTOP-O365DJT" failures="0" tests="1" name="Demo1_23.TC01_Login_Static_parameters" time="21.984" errors="0" timestamp="2019-11-26T22:10:51 IST" skipped="0">
  <testcase classname="Demo1_23.TC01_Login_Static_parameters" name="Login_Test" time="21.984"/>
</testsuite> <!-- Demo1_23.TC01_Login_Static_parameters -->
