<?xml version="1.0" encoding="UTF-8"?>
<!-- Generated by org.testng.reporters.JUnitReportReporter -->
<testsuite hostname="DESKTOP-O365DJT" failures="0" tests="1" name="Day_026_TakeScreenShot.Test1" time="25.534" errors="0" timestamp="2019-12-03T22:24:44 IST" skipped="0">
  <testcase classname="Day_026_TakeScreenShot.Test1" name="TC01_Report_Test" time="25.534"/>
</testsuite> <!-- Day_026_TakeScreenShot.Test1 -->
