<?xml version="1.0" encoding="UTF-8"?>
<!-- Generated by org.testng.reporters.JUnitReportReporter -->
<testsuite hostname="DESKTOP-O365DJT" failures="0" tests="1" name="Day_009_Extent_Reports.ExtentReport_Test" time="25.428" errors="0" timestamp="2019-12-03T08:47:48 IST" skipped="0">
  <testcase classname="Day_009_Extent_Reports.ExtentReport_Test" name="Report3_Test" time="25.428"/>
</testsuite> <!-- Day_009_Extent_Reports.ExtentReport_Test -->
