<?xml version="1.0" encoding="UTF-8"?>
<!-- Generated by org.testng.reporters.JUnitReportReporter -->
<testsuite hostname="DESKTOP-O365DJT" failures="0" tests="1" name="Day_022_Action_class.TC01_Mouse_Hover_Action" time="16.151" errors="0" timestamp="2019-12-11T08:17:57 IST" skipped="0">
  <testcase classname="Day_022_Action_class.TC01_Mouse_Hover_Action" name="Login_Test" time="16.151"/>
</testsuite> <!-- Day_022_Action_class.TC01_Mouse_Hover_Action -->
