<?xml version="1.0" encoding="UTF-8"?>
<!-- Generated by org.testng.reporters.JUnitReportReporter -->
<testsuite hostname="Saryu-PC" failures="0" tests="1" name="Day_022_Action_class.TC03_Context_Menu" time="11.284" errors="0" timestamp="2019-11-11T16:57:00 IST" skipped="0">
  <testcase classname="Day_022_Action_class.TC03_Context_Menu" name="Login_Test" time="11.284"/>
</testsuite> <!-- Day_022_Action_class.TC03_Context_Menu -->
