<?xml version="1.0" encoding="UTF-8"?>
<!-- Generated by org.testng.reporters.JUnitReportReporter -->
<testsuite hostname="DESKTOP-O365DJT" failures="0" tests="1" name="Day_031_EventFiring_WebDriver.TC01_Web_Element_Border" time="21.076" errors="0" timestamp="2019-12-17T08:23:42 IST" skipped="0">
  <testcase classname="Day_031_EventFiring_WebDriver.TC01_Web_Element_Border" name="Login_Test" time="21.076"/>
</testsuite> <!-- Day_031_EventFiring_WebDriver.TC01_Web_Element_Border -->
