<?xml version="1.0" encoding="UTF-8"?>
<!-- Generated by org.testng.reporters.JUnitReportReporter -->
<testsuite hostname="DESKTOP-O365DJT" failures="0" tests="1" name="Day_001_Demo.TC01_Login_Non_Static" time="20.260" errors="0" timestamp="2019-11-25T08:58:32 IST" skipped="0">
  <testcase classname="Day_001_Demo.TC01_Login_Non_Static" name="Login_Test" time="20.260"/>
</testsuite> <!-- Day_001_Demo.TC01_Login_Non_Static -->
