<?xml version="1.0" encoding="UTF-8"?>
<!-- Generated by org.testng.reporters.JUnitReportReporter -->
<testsuite hostname="DESKTOP-O365DJT" failures="0" tests="2" name="Demo1_23.TC01_Login_excel" time="46.439" errors="0" timestamp="2019-11-29T08:24:39 IST" skipped="0">
  <testcase classname="Demo1_23.TC01_Login_excel" name="Login_Test" time="23.664"/>
  <testcase classname="Demo1_23.TC01_Login_excel" name="Login_Test" time="22.775"/>
</testsuite> <!-- Demo1_23.TC01_Login_excel -->
