<?xml version="1.0" encoding="UTF-8"?>
<!-- Generated by org.testng.reporters.JUnitReportReporter -->
<testsuite hostname="DESKTOP-O365DJT" failures="0" tests="1" name="Day_024_Advanced_Xpaths.TC007_Ancestor" time="30.495" errors="0" timestamp="2019-12-18T08:44:22 IST" skipped="0">
  <testcase classname="Day_024_Advanced_Xpaths.TC007_Ancestor" name="Test1" time="30.495"/>
</testsuite> <!-- Day_024_Advanced_Xpaths.TC007_Ancestor -->
